Flutter crash report; please file at https://github.com/flutter/flutter/issues.

## command

flutter run --machine --target lib/main.dart -d RX8M40B08KJ --track-widget-creation --start-paused

## exception

FileSystemException: FileSystemException: writeFrom failed, path = '' (OS Error: Broken pipe, errno = 32)

```
#0      _RandomAccessFile.writeFromSync (dart:io/file_impl.dart:881:7)
#1      _StdConsumer.addStream.<anonymous closure> (dart:io/stdio.dart:310:15)
#2      _rootRunUnary (dart:async/zone.dart:1134:38)
#3      _CustomZone.runUnary (dart:async/zone.dart:1031:19)
#4      _CustomZone.runUnaryGuarded (dart:async/zone.dart:933:7)
#5      _BufferingStreamSubscription._sendData (dart:async/stream_impl.dart:339:11)
#6      _BufferingStreamSubscription._add (dart:async/stream_impl.dart:266:7)
#7      _SyncStreamControllerDispatch._sendData (dart:async/stream_controller.dart:773:19)
#8      _StreamController._add (dart:async/stream_controller.dart:649:7)
#9      _StreamController.add (dart:async/stream_controller.dart:595:5)
#10     _StreamSinkImpl.add (dart:io/io_sink.dart:158:17)
#11     _IOSinkImpl.write (dart:io/io_sink.dart:291:5)
#12     _StdSink.write (dart:io/stdio.dart:339:11)
#13     safeStdioWrite (package:flutter_tools/src/base/io.dart:262:10)
#14     StdoutLogger.writeToStdErr (package:flutter_tools/src/base/logger.dart:277:5)
#15     StdoutLogger.printError (package:flutter_tools/src/base/logger.dart:232:5)
#16     _DefaultProcessUtils.stream.<anonymous closure> (package:flutter_tools/src/base/process.dart:512:19)
#17     _rootRunUnary (dart:async/zone.dart:1134:38)
#18     _CustomZone.runUnary (dart:async/zone.dart:1031:19)
#19     _CustomZone.runUnaryGuarded (dart:async/zone.dart:933:7)
#20     _BufferingStreamSubscription._sendData (dart:async/stream_impl.dart:339:11)
#21     _BufferingStreamSubscription._add (dart:async/stream_impl.dart:266:7)
#22     _ForwardingStreamSubscription._add (dart:async/stream_pipe.dart:134:11)
#23     _WhereStream._handleData (dart:async/stream_pipe.dart:209:12)
#24     _ForwardingStreamSubscription._handleData (dart:async/stream_pipe.dart:166:13)
#25     _rootRunUnary (dart:async/zone.dart:1134:38)
#26     _CustomZone.runUnary (dart:async/zone.dart:1031:19)
#27     _CustomZone.runUnaryGuarded (dart:async/zone.dart:933:7)
#28     _BufferingStreamSubscription._sendData (dart:async/stream_impl.dart:339:11)
#29     _BufferingStreamSubscription._add (dart:async/stream_impl.dart:266:7)
#30     _SinkTransformerStreamSubscription._add (dart:async/stream_transformers.dart:70:11)
#31     _EventSinkWrapper.add (dart:async/stream_transformers.dart:17:11)
#32     _StringAdapterSink.add (dart:convert/string_conversion.dart:238:11)
#33     _LineSplitterSink._addLines (dart:convert/line_splitter.dart:152:13)
#34     _LineSplitterSink.addSlice (dart:convert/line_splitter.dart:127:5)
#35     StringConversionSinkMixin.add (dart:convert/string_conversion.dart:165:5)
#36     _SinkTransformerStreamSubscription._handleData (dart:async/stream_transformers.dart:122:24)
#37     _rootRunUnary (dart:async/zone.dart:1134:38)
#38     _CustomZone.runUnary (dart:async/zone.dart:1031:19)
#39     _CustomZone.runUnaryGuarded (dart:async/zone.dart:933:7)
#40     _BufferingStreamSubscription._sendData (dart:async/stream_impl.dart:339:11)
#41     _BufferingStreamSubscription._add (dart:async/stream_impl.dart:266:7)
#42     _SinkTransformerStreamSubscription._add (dart:async/stream_transformers.dart:70:11)
#43     _EventSinkWrapper.add (dart:async/stream_transformers.dart:17:11)
#44     _StringAdapterSink.add (dart:convert/string_conversion.dart:238:11)
#45     _StringAdapterSink.addSlice (dart:convert/string_conversion.dart:243:7)
#46     _Utf8ConversionSink.addSlice (dart:convert/string_conversion.dart:314:20)
#47     _Utf8ConversionSink.add (dart:convert/string_conversion.dart:307:5)
#48     _ConverterStreamEventSink.add (dart:convert/chunked_conversion.dart:74:18)
#49     _SinkTransformerStreamSubscription._handleData (dart:async/stream_transformers.dart:122:24)
#50     _rootRunUnary (dart:async/zone.dart:1134:38)
#51     _CustomZone.runUnary (dart:async/zone.dart:1031:19)
#52     _CustomZone.runUnaryGuarded (dart:async/zone.dart:933:7)
#53     _BufferingStreamSubscription._sendData (dart:async/stream_impl.dart:339:11)
#54     _BufferingStreamSubscription._add (dart:async/stream_impl.dart:266:7)
#55     _SyncStreamControllerDispatch._sendData (dart:async/stream_controller.dart:773:19)
#56     _StreamController._add (dart:async/stream_controller.dart:649:7)
#57     _StreamController.add (dart:async/stream_controller.dart:595:5)
#58     _Socket._onData (dart:io-patch/socket_patch.dart:1873:41)
#59     _rootRunUnary (dart:async/zone.dart:1138:13)
#60     _CustomZone.runUnary (dart:async/zone.dart:1031:19)
#61     _CustomZone.runUnaryGuarded (dart:async/zone.dart:933:7)
#62     _BufferingStreamSubscription._sendData (dart:async/stream_impl.dart:339:11)
#63     _BufferingStreamSubscription._add (dart:async/stream_impl.dart:266:7)
#64     _SyncStreamControllerDispatch._sendData (dart:async/stream_controller.dart:773:19)
#65     _StreamController._add (dart:async/stream_controller.dart:649:7)
#66     _StreamController.add (dart:async/stream_controller.dart:595:5)
#67     new _RawSocket.<anonymous closure> (dart:io-patch/socket_patch.dart:1415:33)
#68     _NativeSocket.issueReadEvent.issue (dart:io-patch/socket_patch.dart:919:14)
#69     _microtaskLoop (dart:async/schedule_microtask.dart:43:21)
#70     _startMicrotaskLoop (dart:async/schedule_microtask.dart:52:5)
#71     _runPendingImmediateCallback (dart:isolate-patch/isolate_patch.dart:118:13)
#72     _RawReceivePortImpl._handleMessage (dart:isolate-patch/isolate_patch.dart:169:5)
```

## flutter doctor

```
[✓] Flutter (Channel master, v1.14.5-pre.36, on Linux, locale pt_BR.UTF-8)
    • Flutter version 1.14.5-pre.36 at /home/mlopes/development/flutter
    • Framework revision 251003690f (4 semanas atrás), 2020-01-25 21:50:36 -0500
    • Engine revision 276481c4d3
    • Dart version 2.8.0 (build 2.8.0-dev.5.0 fc3af737c7)

[✓] Android toolchain - develop for Android devices (Android SDK version 29.0.2)
    • Android SDK at /home/mlopes/Android/Sdk
    • Android NDK location not configured (optional; useful for native profiling support)
    • Platform android-29, build-tools 29.0.2
    • Java binary at: /usr/bin/java
    • Java version OpenJDK Runtime Environment (build 1.8.0_242-8u242-b08-0ubuntu3~16.04-b08)
    • All Android licenses accepted.

[!] Android Studio (not installed)
    • Android Studio not found; download from https://developer.android.com/studio/index.html
      (or visit https://flutter.dev/setup/#android-setup for detailed instructions).

[✓] VS Code (version 1.42.1)
    • VS Code at /usr/share/code
    • Flutter extension version 3.8.1

[✓] Connected device (1 available)
    • SM A205G • RX8M40B08KJ • android-arm64 • Android 9 (API 28)

! Doctor found issues in 1 category.
```
